<?xml version="1.0" encoding="UTF-8"?>
<!-- Generated by org.testng.reporters.JUnitReportReporter -->
<testsuite hostname="EPRUPETW6292" name="com.test.mytest.testjdi013.HomePageTest" tests="1" failures="0" timestamp="26 May 2016 14:31:59 GMT" time="1.771" errors="0">
  <testcase name="test01" time="1.771" classname="com.test.mytest.testjdi013.HomePageTest"/>
</testsuite> <!-- com.test.mytest.testjdi013.HomePageTest -->
